Build started 9/10/2012 6:08:03 PM.
     1>Project "D:\DataStructures\BatchB\StackDemo\LinklistDemo\LinklistDemo.vcxproj" on node 2 (build target(s)).
     1>InitializeBuildStatus:
         Creating "Debug\LinklistDemo.unsuccessfulbuild" because "AlwaysCreate" was specified.
       ClCompile:
         C:\Program Files\Microsoft Visual Studio 10.0\VC\bin\CL.exe /c /ZI /nologo /W3 /WX- /Od /Oy- /D WIN32 /D _DEBUG /D _CONSOLE /D _UNICODE /D UNICODE /Gm /EHsc /RTC1 /MDd /GS /fp:precise /Zc:wchar_t /Zc:forScope /Fo"Debug\\" /Fd"Debug\vc100.pdb" /Gd /TP /analyze- /errorReport:prompt linklist.cpp main.cpp
         main.cpp
         linklist.cpp
         Generating Code...
       ManifestResourceCompile:
         All outputs are up-to-date.
       Link:
         C:\Program Files\Microsoft Visual Studio 10.0\VC\bin\link.exe /ERRORREPORT:PROMPT /OUT:"D:\DataStructures\BatchB\StackDemo\Debug\LinklistDemo.exe" /INCREMENTAL /NOLOGO kernel32.lib user32.lib gdi32.lib winspool.lib comdlg32.lib advapi32.lib shell32.lib ole32.lib oleaut32.lib uuid.lib odbc32.lib odbccp32.lib /MANIFEST /ManifestFile:"Debug\LinklistDemo.exe.intermediate.manifest" /MANIFESTUAC:"level='asInvoker' uiAccess='false'" /DEBUG /PDB:"D:\DataStructures\BatchB\StackDemo\Debug\LinklistDemo.pdb" /SUBSYSTEM:CONSOLE /TLBID:1 /DYNAMICBASE /NXCOMPAT /IMPLIB:"D:\DataStructures\BatchB\StackDemo\Debug\LinklistDemo.lib" /MACHINE:X86 Debug\LinklistDemo.exe.embed.manifest.res
         Debug\linklist.obj
         Debug\main.obj
         Debug\node.obj
       Manifest:
         C:\Program Files\Microsoft SDKs\Windows\v7.0A\bin\mt.exe /nologo /verbose /out:"Debug\LinklistDemo.exe.embed.manifest" /manifest Debug\LinklistDemo.exe.intermediate.manifest
         All outputs are up-to-date.
       LinkEmbedManifest:
         All outputs are up-to-date.
         LinklistDemo.vcxproj -> D:\DataStructures\BatchB\StackDemo\Debug\LinklistDemo.exe
       FinalizeBuildStatus:
         Deleting file "Debug\LinklistDemo.unsuccessfulbuild".
         Touching "Debug\LinklistDemo.lastbuildstate".
     1>Done Building Project "D:\DataStructures\BatchB\StackDemo\LinklistDemo\LinklistDemo.vcxproj" (build target(s)).

Build succeeded.

Time Elapsed 00:00:01.76
