Build started 9/11/2012 4:49:32 PM.
     1>Project "D:\DataStructures\BatchB\StackDemo\CircularLinkList\CircularLinkList.vcxproj" on node 3 (build target(s)).
     1>InitializeBuildStatus:
         Creating "Debug\CircularLinkList.unsuccessfulbuild" because "AlwaysCreate" was specified.
       ClCompile:
         C:\Program Files\Microsoft Visual Studio 10.0\VC\bin\CL.exe /c /ZI /nologo /W3 /WX- /Od /Oy- /D WIN32 /D _DEBUG /D _CONSOLE /D _UNICODE /D UNICODE /Gm /EHsc /RTC1 /MDd /GS /fp:precise /Zc:wchar_t /Zc:forScope /Fo"Debug\\" /Fd"Debug\vc100.pdb" /Gd /TP /analyze- /errorReport:prompt cll.cpp main.cpp node.cpp
         node.cpp
         main.cpp
         cll.cpp
         Generating Code...
       ManifestResourceCompile:
         C:\Program Files\Microsoft SDKs\Windows\v7.0A\bin\rc.exe /nologo /fo"Debug\CircularLinkList.exe.embed.manifest.res" Debug\CircularLinkList_manifest.rc 
       Link:
         C:\Program Files\Microsoft Visual Studio 10.0\VC\bin\link.exe /ERRORREPORT:PROMPT /OUT:"D:\DataStructures\BatchB\StackDemo\Debug\CircularLinkList.exe" /INCREMENTAL /NOLOGO kernel32.lib user32.lib gdi32.lib winspool.lib comdlg32.lib advapi32.lib shell32.lib ole32.lib oleaut32.lib uuid.lib odbc32.lib odbccp32.lib /MANIFEST /ManifestFile:"Debug\CircularLinkList.exe.intermediate.manifest" /MANIFESTUAC:"level='asInvoker' uiAccess='false'" /DEBUG /PDB:"D:\DataStructures\BatchB\StackDemo\Debug\CircularLinkList.pdb" /SUBSYSTEM:CONSOLE /TLBID:1 /DYNAMICBASE /NXCOMPAT /IMPLIB:"D:\DataStructures\BatchB\StackDemo\Debug\CircularLinkList.lib" /MACHINE:X86 Debug\CircularLinkList.exe.embed.manifest.res
         Debug\cll.obj
         Debug\main.obj
         Debug\node.obj
       Manifest:
         C:\Program Files\Microsoft SDKs\Windows\v7.0A\bin\mt.exe /nologo /verbose /out:"Debug\CircularLinkList.exe.embed.manifest" /manifest Debug\CircularLinkList.exe.intermediate.manifest
         C:\Program Files\Microsoft SDKs\Windows\v7.0A\bin\rc.exe /nologo /fo"Debug\CircularLinkList.exe.embed.manifest.res" Debug\CircularLinkList_manifest.rc 
       LinkEmbedManifest:
         C:\Program Files\Microsoft Visual Studio 10.0\VC\bin\link.exe /ERRORREPORT:PROMPT /OUT:"D:\DataStructures\BatchB\StackDemo\Debug\CircularLinkList.exe" /INCREMENTAL /NOLOGO kernel32.lib user32.lib gdi32.lib winspool.lib comdlg32.lib advapi32.lib shell32.lib ole32.lib oleaut32.lib uuid.lib odbc32.lib odbccp32.lib /MANIFEST /ManifestFile:"Debug\CircularLinkList.exe.intermediate.manifest" /MANIFESTUAC:"level='asInvoker' uiAccess='false'" /DEBUG /PDB:"D:\DataStructures\BatchB\StackDemo\Debug\CircularLinkList.pdb" /SUBSYSTEM:CONSOLE /TLBID:1 /DYNAMICBASE /NXCOMPAT /IMPLIB:"D:\DataStructures\BatchB\StackDemo\Debug\CircularLinkList.lib" /MACHINE:X86 Debug\CircularLinkList.exe.embed.manifest.res
         Debug\cll.obj
         Debug\main.obj
         Debug\node.obj
         CircularLinkList.vcxproj -> D:\DataStructures\BatchB\StackDemo\Debug\CircularLinkList.exe
       FinalizeBuildStatus:
         Deleting file "Debug\CircularLinkList.unsuccessfulbuild".
         Touching "Debug\CircularLinkList.lastbuildstate".
     1>Done Building Project "D:\DataStructures\BatchB\StackDemo\CircularLinkList\CircularLinkList.vcxproj" (build target(s)).

Build succeeded.

Time Elapsed 00:00:02.26
